Started GET "/" for ::1 at 2024-05-07 11:11:01 +0300
  [1m[35m (1.9ms)[0m  [1m[35mCREATE TABLE "schema_migrations" ("version" varchar NOT NULL PRIMARY KEY)[0m
  [1m[35m (0.2ms)[0m  [1m[35mCREATE TABLE "ar_internal_metadata" ("key" varchar NOT NULL PRIMARY KEY, "value" varchar, "created_at" datetime(6) NOT NULL, "updated_at" datetime(6) NOT NULL)[0m
  [1m[36mActiveRecord::SchemaMigration Load (0.1ms)[0m  [1m[34mSELECT "schema_migrations"."version" FROM "schema_migrations" ORDER BY "schema_migrations"."version" ASC[0m
Processing by Rails::WelcomeController#index as HTML
  Rendering /Users/Milana/.rvm/gems/ruby-3.3.0/gems/railties-7.1.3.2/lib/rails/templates/rails/welcome/index.html.erb
  Rendered /Users/Milana/.rvm/gems/ruby-3.3.0/gems/railties-7.1.3.2/lib/rails/templates/rails/welcome/index.html.erb (Duration: 1.1ms | Allocations: 374)
Completed 200 OK in 35ms (Views: 9.7ms | ActiveRecord: 0.0ms | Allocations: 7759)


  [1m[36mActiveRecord::InternalMetadata Load (0.5ms)[0m  [1m[34mSELECT * FROM "ar_internal_metadata" WHERE "ar_internal_metadata"."key" = ? ORDER BY "ar_internal_metadata"."key" ASC LIMIT 1[0m  [[nil, "environment"]]
  [1m[36mActiveRecord::InternalMetadata Create (0.6ms)[0m  [1m[32mINSERT INTO "ar_internal_metadata" ("key", "value", "created_at", "updated_at") VALUES ('environment', 'development', '2024-05-07 08:16:29.550231', '2024-05-07 08:16:29.550235') RETURNING "key"[0m
  [1m[36mActiveRecord::SchemaMigration Load (0.1ms)[0m  [1m[34mSELECT "schema_migrations"."version" FROM "schema_migrations" ORDER BY "schema_migrations"."version" ASC[0m
Migrating to CreateArticles (20240507081610)
  [1m[36mTRANSACTION (0.0ms)[0m  [1m[36mbegin transaction[0m
  [1m[35m (1.6ms)[0m  [1m[35mCREATE TABLE "articles" ("id" integer PRIMARY KEY AUTOINCREMENT NOT NULL, "title" varchar, "body" text, "created_at" datetime(6) NOT NULL, "updated_at" datetime(6) NOT NULL)[0m
  [1m[36mActiveRecord::SchemaMigration Create (0.5ms)[0m  [1m[32mINSERT INTO "schema_migrations" ("version") VALUES ('20240507081610') RETURNING "version"[0m
  [1m[36mTRANSACTION (0.2ms)[0m  [1m[36mcommit transaction[0m
  [1m[36mActiveRecord::SchemaMigration Load (0.1ms)[0m  [1m[34mSELECT "schema_migrations"."version" FROM "schema_migrations" ORDER BY "schema_migrations"."version" ASC[0m
  [1m[36mTRANSACTION (0.1ms)[0m  [1m[36mbegin transaction[0m
  [1m[36mArticle Create (6.5ms)[0m  [1m[32mINSERT INTO "articles" ("title", "body", "created_at", "updated_at") VALUES (?, ?, ?, ?) RETURNING "id"[0m  [["title", "Hello Rails"], ["body", "I am on Rails!"], ["created_at", "2024-05-07 08:17:31.677930"], ["updated_at", "2024-05-07 08:17:31.677930"]]
  [1m[36mTRANSACTION (0.1ms)[0m  [1m[36mcommit transaction[0m
  [1m[36mArticle Load (0.1ms)[0m  [1m[34mSELECT "articles".* FROM "articles" /* loading for pp */ LIMIT ?[0m  [["LIMIT", 11]]
Started GET "/" for ::1 at 2024-05-07 11:19:32 +0300
  [1m[36mActiveRecord::SchemaMigration Load (0.5ms)[0m  [1m[34mSELECT "schema_migrations"."version" FROM "schema_migrations" ORDER BY "schema_migrations"."version" ASC[0m
Processing by ArticlesController#index as HTML
  Rendering layout layouts/application.html.erb
  Rendering articles/index.html.erb within layouts/application
  [1m[36mArticle Load (0.1ms)[0m  [1m[34mSELECT "articles".* FROM "articles"[0m
  ↳ app/views/articles/index.html.erb:4
  Rendered articles/index.html.erb within layouts/application (Duration: 17.0ms | Allocations: 9670)
  Rendered layout layouts/application.html.erb (Duration: 414.9ms | Allocations: 108938)
Completed 200 OK in 454ms (Views: 421.3ms | ActiveRecord: 2.6ms | Allocations: 118745)


Started GET "/" for ::1 at 2024-05-07 11:36:14 +0300
  [1m[36mActiveRecord::SchemaMigration Load (0.5ms)[0m  [1m[34mSELECT "schema_migrations"."version" FROM "schema_migrations" ORDER BY "schema_migrations"."version" ASC[0m
Processing by ArticlesController#index as HTML
  Rendering layout layouts/application.html.erb
  Rendering articles/index.html.erb within layouts/application
  [1m[36mArticle Load (0.1ms)[0m  [1m[34mSELECT "articles".* FROM "articles"[0m
  ↳ app/views/articles/index.html.erb:4
  Rendered articles/index.html.erb within layouts/application (Duration: 15.3ms | Allocations: 9885)
  Rendered layout layouts/application.html.erb (Duration: 143.6ms | Allocations: 48968)
Completed 200 OK in 175ms (Views: 146.5ms | ActiveRecord: 2.0ms | Allocations: 58774)


Started GET "/articles/1" for ::1 at 2024-05-07 11:36:16 +0300
Processing by ArticlesController#show as HTML
  Parameters: {"id"=>"1"}
  [1m[36mArticle Load (0.9ms)[0m  [1m[34mSELECT "articles".* FROM "articles" WHERE "articles"."id" = ? LIMIT ?[0m  [["id", 1], ["LIMIT", 1]]
  ↳ app/controllers/articles_controller.rb:7:in `show'
  Rendering layout layouts/application.html.erb
  Rendering articles/show.html.erb within layouts/application
  Rendered articles/show.html.erb within layouts/application (Duration: 0.7ms | Allocations: 143)
  Rendered layout layouts/application.html.erb (Duration: 3.6ms | Allocations: 1607)
Completed 200 OK in 14ms (Views: 4.4ms | ActiveRecord: 0.9ms | Allocations: 4529)


Started GET "/" for ::1 at 2024-05-07 11:52:59 +0300
  [1m[36mActiveRecord::SchemaMigration Load (0.5ms)[0m  [1m[34mSELECT "schema_migrations"."version" FROM "schema_migrations" ORDER BY "schema_migrations"."version" ASC[0m
Processing by ArticlesController#index as HTML
  Rendering layout layouts/application.html.erb
  Rendering articles/index.html.erb within layouts/application
  [1m[36mArticle Load (0.5ms)[0m  [1m[34mSELECT "articles".* FROM "articles"[0m
  ↳ app/views/articles/index.html.erb:4
  Rendered articles/index.html.erb within layouts/application (Duration: 21.2ms | Allocations: 9923)
  Rendered layout layouts/application.html.erb (Duration: 161.6ms | Allocations: 47481)
Completed 200 OK in 203ms (Views: 164.4ms | ActiveRecord: 3.5ms | Allocations: 57476)


Started GET "/articles/new" for ::1 at 2024-05-07 11:53:01 +0300
Processing by ArticlesController#new as HTML
  Rendering layout layouts/application.html.erb
  Rendering articles/new.html.erb within layouts/application
  Rendered articles/new.html.erb within layouts/application (Duration: 11.3ms | Allocations: 2642)
  Rendered layout layouts/application.html.erb (Duration: 13.7ms | Allocations: 3838)
Completed 200 OK in 16ms (Views: 14.3ms | ActiveRecord: 0.0ms | Allocations: 4207)


Started GET "/articles/new" for ::1 at 2024-05-07 11:53:02 +0300
Processing by ArticlesController#new as HTML
  Rendering layout layouts/application.html.erb
  Rendering articles/new.html.erb within layouts/application
  Rendered articles/new.html.erb within layouts/application (Duration: 1.8ms | Allocations: 839)
  Rendered layout layouts/application.html.erb (Duration: 4.2ms | Allocations: 2036)
Completed 200 OK in 5ms (Views: 4.6ms | ActiveRecord: 0.0ms | Allocations: 2304)


Started POST "/articles" for ::1 at 2024-05-07 11:53:21 +0300
Processing by ArticlesController#create as TURBO_STREAM
  Parameters: {"authenticity_token"=>"[FILTERED]", "article"=>{"title"=>"Second Article", "body"=>"Hello Second Article"}, "commit"=>"Create Article"}
  [1m[36mTRANSACTION (0.1ms)[0m  [1m[36mbegin transaction[0m
  ↳ app/controllers/articles_controller.rb:17:in `create'
  [1m[36mArticle Create (4.7ms)[0m  [1m[32mINSERT INTO "articles" ("title", "body", "created_at", "updated_at") VALUES (?, ?, ?, ?) RETURNING "id"[0m  [["title", "Second Article"], ["body", "Hello Second Article"], ["created_at", "2024-05-07 08:53:21.366619"], ["updated_at", "2024-05-07 08:53:21.366619"]]
  ↳ app/controllers/articles_controller.rb:17:in `create'
  [1m[36mTRANSACTION (1.2ms)[0m  [1m[36mcommit transaction[0m
  ↳ app/controllers/articles_controller.rb:17:in `create'
Redirected to http://localhost:3000/articles/2
Completed 302 Found in 13ms (ActiveRecord: 6.0ms | Allocations: 3440)


Started GET "/articles/2" for ::1 at 2024-05-07 11:53:21 +0300
Processing by ArticlesController#show as TURBO_STREAM
  Parameters: {"id"=>"2"}
  [1m[36mArticle Load (0.6ms)[0m  [1m[34mSELECT "articles".* FROM "articles" WHERE "articles"."id" = ? LIMIT ?[0m  [["id", 2], ["LIMIT", 1]]
  ↳ app/controllers/articles_controller.rb:7:in `show'
  Rendering layout layouts/application.html.erb
  Rendering articles/show.html.erb within layouts/application
  Rendered articles/show.html.erb within layouts/application (Duration: 0.7ms | Allocations: 136)
  Rendered layout layouts/application.html.erb (Duration: 3.7ms | Allocations: 1631)
Completed 200 OK in 11ms (Views: 4.4ms | ActiveRecord: 0.6ms | Allocations: 4125)


Started GET "/" for ::1 at 2024-05-07 11:53:29 +0300
Processing by ArticlesController#index as HTML
  Rendering layout layouts/application.html.erb
  Rendering articles/index.html.erb within layouts/application
  [1m[36mArticle Load (0.1ms)[0m  [1m[34mSELECT "articles".* FROM "articles"[0m
  ↳ app/views/articles/index.html.erb:4
  Rendered articles/index.html.erb within layouts/application (Duration: 57.2ms | Allocations: 490)
  Rendered layout layouts/application.html.erb (Duration: 60.7ms | Allocations: 1977)
Completed 200 OK in 66ms (Views: 61.9ms | ActiveRecord: 0.1ms | Allocations: 2240)


Started GET "/" for ::1 at 2024-05-07 11:59:26 +0300
  [1m[36mActiveRecord::SchemaMigration Load (0.5ms)[0m  [1m[34mSELECT "schema_migrations"."version" FROM "schema_migrations" ORDER BY "schema_migrations"."version" ASC[0m
Processing by ArticlesController#index as HTML
  Rendering layout layouts/application.html.erb
  Rendering articles/index.html.erb within layouts/application
  [1m[36mArticle Load (0.1ms)[0m  [1m[34mSELECT "articles".* FROM "articles"[0m
  ↳ app/views/articles/index.html.erb:4
  Rendered articles/index.html.erb within layouts/application (Duration: 22.8ms | Allocations: 9956)
  Rendered layout layouts/application.html.erb (Duration: 183.9ms | Allocations: 47534)
Completed 200 OK in 219ms (Views: 186.2ms | ActiveRecord: 3.0ms | Allocations: 57500)


Started GET "/articles/1" for ::1 at 2024-05-07 11:59:27 +0300
Processing by ArticlesController#show as HTML
  Parameters: {"id"=>"1"}
  [1m[36mArticle Load (0.1ms)[0m  [1m[34mSELECT "articles".* FROM "articles" WHERE "articles"."id" = ? LIMIT ?[0m  [["id", 1], ["LIMIT", 1]]
  ↳ app/controllers/articles_controller.rb:7:in `show'
  Rendering layout layouts/application.html.erb
  Rendering articles/show.html.erb within layouts/application
  Rendered articles/show.html.erb within layouts/application (Duration: 0.7ms | Allocations: 201)
  Rendered layout layouts/application.html.erb (Duration: 3.6ms | Allocations: 1664)
Completed 200 OK in 9ms (Views: 4.2ms | ActiveRecord: 0.1ms | Allocations: 4205)


Started GET "/articles/2" for ::1 at 2024-05-07 11:59:29 +0300
Processing by ArticlesController#show as HTML
  Parameters: {"id"=>"2"}
  [1m[36mArticle Load (0.1ms)[0m  [1m[34mSELECT "articles".* FROM "articles" WHERE "articles"."id" = ? LIMIT ?[0m  [["id", 2], ["LIMIT", 1]]
  ↳ app/controllers/articles_controller.rb:7:in `show'
  Rendering layout layouts/application.html.erb
  Rendering articles/show.html.erb within layouts/application
  Rendered articles/show.html.erb within layouts/application (Duration: 0.1ms | Allocations: 48)
  Rendered layout layouts/application.html.erb (Duration: 2.1ms | Allocations: 1528)
Completed 200 OK in 4ms (Views: 2.5ms | ActiveRecord: 0.1ms | Allocations: 2141)


Started GET "/articles/2/edit" for ::1 at 2024-05-07 11:59:30 +0300
Processing by ArticlesController#edit as HTML
  Parameters: {"id"=>"2"}
  [1m[36mArticle Load (0.1ms)[0m  [1m[34mSELECT "articles".* FROM "articles" WHERE "articles"."id" = ? LIMIT ?[0m  [["id", 2], ["LIMIT", 1]]
  ↳ app/controllers/articles_controller.rb:25:in `edit'
  Rendering layout layouts/application.html.erb
  Rendering articles/edit.html.erb within layouts/application
  Rendered articles/_form.html.erb (Duration: 8.1ms | Allocations: 2169)
  Rendered articles/edit.html.erb within layouts/application (Duration: 9.8ms | Allocations: 2446)
  Rendered layout layouts/application.html.erb (Duration: 11.6ms | Allocations: 3638)
Completed 200 OK in 16ms (Views: 12.3ms | ActiveRecord: 0.1ms | Allocations: 4318)


Started PATCH "/articles/2" for ::1 at 2024-05-07 11:59:42 +0300
Processing by ArticlesController#update as TURBO_STREAM
  Parameters: {"authenticity_token"=>"[FILTERED]", "article"=>{"title"=>"Second Article edited", "body"=>"Hello Second Article edited"}, "commit"=>"Update Article", "id"=>"2"}
  [1m[36mArticle Load (0.1ms)[0m  [1m[34mSELECT "articles".* FROM "articles" WHERE "articles"."id" = ? LIMIT ?[0m  [["id", 2], ["LIMIT", 1]]
  ↳ app/controllers/articles_controller.rb:29:in `update'
  [1m[36mTRANSACTION (0.2ms)[0m  [1m[36mbegin transaction[0m
  ↳ app/controllers/articles_controller.rb:31:in `update'
  [1m[36mArticle Update (5.5ms)[0m  [1m[33mUPDATE "articles" SET "title" = ?, "body" = ?, "updated_at" = ? WHERE "articles"."id" = ?[0m  [["title", "Second Article edited"], ["body", "Hello Second Article edited"], ["updated_at", "2024-05-07 08:59:42.417954"], ["id", 2]]
  ↳ app/controllers/articles_controller.rb:31:in `update'
  [1m[36mTRANSACTION (1.5ms)[0m  [1m[36mcommit transaction[0m
  ↳ app/controllers/articles_controller.rb:31:in `update'
Redirected to http://localhost:3000/articles/2
Completed 302 Found in 14ms (ActiveRecord: 7.1ms | Allocations: 3905)


Started GET "/articles/2" for ::1 at 2024-05-07 11:59:42 +0300
Processing by ArticlesController#show as TURBO_STREAM
  Parameters: {"id"=>"2"}
  [1m[36mArticle Load (0.1ms)[0m  [1m[34mSELECT "articles".* FROM "articles" WHERE "articles"."id" = ? LIMIT ?[0m  [["id", 2], ["LIMIT", 1]]
  ↳ app/controllers/articles_controller.rb:7:in `show'
  Rendering layout layouts/application.html.erb
  Rendering articles/show.html.erb within layouts/application
  Rendered articles/show.html.erb within layouts/application (Duration: 0.2ms | Allocations: 49)
  Rendered layout layouts/application.html.erb (Duration: 3.6ms | Allocations: 1535)
Completed 200 OK in 25ms (Views: 4.3ms | ActiveRecord: 0.1ms | Allocations: 2183)


Started GET "/" for ::1 at 2024-05-07 11:59:49 +0300
Processing by ArticlesController#index as HTML
  Rendering layout layouts/application.html.erb
  Rendering articles/index.html.erb within layouts/application
  [1m[36mArticle Load (0.1ms)[0m  [1m[34mSELECT "articles".* FROM "articles"[0m
  ↳ app/views/articles/index.html.erb:4
  Rendered articles/index.html.erb within layouts/application (Duration: 3.6ms | Allocations: 485)
  Rendered layout layouts/application.html.erb (Duration: 10.6ms | Allocations: 1963)
Completed 200 OK in 42ms (Views: 40.4ms | ActiveRecord: 0.1ms | Allocations: 2217)


Started GET "/articles/2" for ::1 at 2024-05-07 12:04:44 +0300
  [1m[36mActiveRecord::SchemaMigration Load (0.4ms)[0m  [1m[34mSELECT "schema_migrations"."version" FROM "schema_migrations" ORDER BY "schema_migrations"."version" ASC[0m
Processing by ArticlesController#show as HTML
  Parameters: {"id"=>"2"}
  [1m[36mArticle Load (0.4ms)[0m  [1m[34mSELECT "articles".* FROM "articles" WHERE "articles"."id" = ? LIMIT ?[0m  [["id", 2], ["LIMIT", 1]]
  ↳ app/controllers/articles_controller.rb:7:in `show'
  Rendering layout layouts/application.html.erb
  Rendering articles/show.html.erb within layouts/application
  Rendered articles/show.html.erb within layouts/application (Duration: 0.8ms | Allocations: 526)
  Rendered layout layouts/application.html.erb (Duration: 101.7ms | Allocations: 38074)
Completed 200 OK in 149ms (Views: 107.2ms | ActiveRecord: 2.6ms | Allocations: 59189)


Started DELETE "/articles/2?_method=delete" for ::1 at 2024-05-07 12:04:48 +0300
Processing by ArticlesController#destroy as TURBO_STREAM
  Parameters: {"id"=>"2"}
  [1m[36mArticle Load (0.1ms)[0m  [1m[34mSELECT "articles".* FROM "articles" WHERE "articles"."id" = ? LIMIT ?[0m  [["id", 2], ["LIMIT", 1]]
  ↳ app/controllers/articles_controller.rb:39:in `destroy'
  [1m[36mTRANSACTION (0.1ms)[0m  [1m[36mbegin transaction[0m
  ↳ app/controllers/articles_controller.rb:40:in `destroy'
  [1m[36mArticle Destroy (3.6ms)[0m  [1m[31mDELETE FROM "articles" WHERE "articles"."id" = ?[0m  [["id", 2]]
  ↳ app/controllers/articles_controller.rb:40:in `destroy'
  [1m[36mTRANSACTION (0.7ms)[0m  [1m[36mcommit transaction[0m
  ↳ app/controllers/articles_controller.rb:40:in `destroy'
Redirected to http://localhost:3000/
Completed 303 See Other in 9ms (ActiveRecord: 4.4ms | Allocations: 2336)


Started GET "/" for ::1 at 2024-05-07 12:04:48 +0300
Processing by ArticlesController#index as TURBO_STREAM
  Rendering layout layouts/application.html.erb
  Rendering articles/index.html.erb within layouts/application
  [1m[36mArticle Load (0.1ms)[0m  [1m[34mSELECT "articles".* FROM "articles"[0m
  ↳ app/views/articles/index.html.erb:4
  Rendered articles/index.html.erb within layouts/application (Duration: 2.6ms | Allocations: 738)
  Rendered layout layouts/application.html.erb (Duration: 5.5ms | Allocations: 2204)
Completed 200 OK in 8ms (Views: 5.9ms | ActiveRecord: 0.1ms | Allocations: 2577)


  [1m[36mActiveRecord::InternalMetadata Load (0.7ms)[0m  [1m[34mSELECT * FROM "ar_internal_metadata" WHERE "ar_internal_metadata"."key" = ? ORDER BY "ar_internal_metadata"."key" ASC LIMIT 1[0m  [[nil, "environment"]]
  [1m[36mActiveRecord::SchemaMigration Load (0.1ms)[0m  [1m[34mSELECT "schema_migrations"."version" FROM "schema_migrations" ORDER BY "schema_migrations"."version" ASC[0m
Migrating to CreateComments (20240507090628)
  [1m[36mTRANSACTION (0.0ms)[0m  [1m[36mbegin transaction[0m
  [1m[35m (1.0ms)[0m  [1m[35mCREATE TABLE "comments" ("id" integer PRIMARY KEY AUTOINCREMENT NOT NULL, "commenter" varchar, "body" text, "article_id" integer NOT NULL, "created_at" datetime(6) NOT NULL, "updated_at" datetime(6) NOT NULL, CONSTRAINT "fk_rails_3bf61a60d3"
FOREIGN KEY ("article_id")
  REFERENCES "articles" ("id")
)[0m
  [1m[35m (0.1ms)[0m  [1m[35mCREATE INDEX "index_comments_on_article_id" ON "comments" ("article_id")[0m
  [1m[36mActiveRecord::SchemaMigration Create (0.1ms)[0m  [1m[32mINSERT INTO "schema_migrations" ("version") VALUES ('20240507090628') RETURNING "version"[0m
  [1m[36mTRANSACTION (0.1ms)[0m  [1m[36mcommit transaction[0m
  [1m[36mActiveRecord::SchemaMigration Load (0.1ms)[0m  [1m[34mSELECT "schema_migrations"."version" FROM "schema_migrations" ORDER BY "schema_migrations"."version" ASC[0m
Started GET "/" for ::1 at 2024-05-07 12:13:10 +0300
  [1m[36mActiveRecord::SchemaMigration Load (0.2ms)[0m  [1m[34mSELECT "schema_migrations"."version" FROM "schema_migrations" ORDER BY "schema_migrations"."version" ASC[0m
Processing by ArticlesController#index as HTML
  Rendering layout layouts/application.html.erb
  Rendering articles/index.html.erb within layouts/application
  [1m[36mArticle Load (0.1ms)[0m  [1m[34mSELECT "articles".* FROM "articles"[0m
  ↳ app/views/articles/index.html.erb:4
  Rendered articles/index.html.erb within layouts/application (Duration: 16.9ms | Allocations: 9410)
  Rendered layout layouts/application.html.erb (Duration: 135.4ms | Allocations: 47013)
Completed 200 OK in 175ms (Views: 139.8ms | ActiveRecord: 2.0ms | Allocations: 58525)


Started GET "/articles/1" for ::1 at 2024-05-07 12:13:12 +0300
Processing by ArticlesController#show as HTML
  Parameters: {"id"=>"1"}
  [1m[36mArticle Load (0.2ms)[0m  [1m[34mSELECT "articles".* FROM "articles" WHERE "articles"."id" = ? LIMIT ?[0m  [["id", 1], ["LIMIT", 1]]
  ↳ app/controllers/articles_controller.rb:7:in `show'
  Rendering layout layouts/application.html.erb
  Rendering articles/show.html.erb within layouts/application
  [1m[36mComment Load (0.1ms)[0m  [1m[34mSELECT "comments".* FROM "comments" WHERE "comments"."article_id" = ?[0m  [["article_id", 1]]
  ↳ app/views/articles/show.html.erb:14
  Rendered articles/show.html.erb within layouts/application (Duration: 47.9ms | Allocations: 16437)
  Rendered layout layouts/application.html.erb (Duration: 49.7ms | Allocations: 17630)
Completed 200 OK in 56ms (Views: 49.4ms | ActiveRecord: 1.4ms | Allocations: 20171)


Started POST "/articles/1/comments" for ::1 at 2024-05-07 12:13:29 +0300
Processing by CommentsController#create as TURBO_STREAM
  Parameters: {"authenticity_token"=>"[FILTERED]", "comment"=>{"commenter"=>"Tester", "body"=>"Test comment"}, "commit"=>"Create Comment", "article_id"=>"1"}
  [1m[36mArticle Load (0.1ms)[0m  [1m[34mSELECT "articles".* FROM "articles" WHERE "articles"."id" = ? LIMIT ?[0m  [["id", 1], ["LIMIT", 1]]
  ↳ app/controllers/comments_controller.rb:3:in `create'
  [1m[36mTRANSACTION (0.1ms)[0m  [1m[36mbegin transaction[0m
  ↳ app/controllers/comments_controller.rb:4:in `create'
  [1m[36mComment Create (3.4ms)[0m  [1m[32mINSERT INTO "comments" ("commenter", "body", "article_id", "created_at", "updated_at") VALUES (?, ?, ?, ?, ?) RETURNING "id"[0m  [["commenter", "Tester"], ["body", "Test comment"], ["article_id", 1], ["created_at", "2024-05-07 09:13:29.397256"], ["updated_at", "2024-05-07 09:13:29.397256"]]
  ↳ app/controllers/comments_controller.rb:4:in `create'
  [1m[36mTRANSACTION (1.1ms)[0m  [1m[36mcommit transaction[0m
  ↳ app/controllers/comments_controller.rb:4:in `create'
Redirected to http://localhost:3000/articles/1
Completed 302 Found in 12ms (ActiveRecord: 4.7ms | Allocations: 4137)


Started GET "/articles/1" for ::1 at 2024-05-07 12:13:29 +0300
Processing by ArticlesController#show as TURBO_STREAM
  Parameters: {"id"=>"1"}
  [1m[36mArticle Load (0.1ms)[0m  [1m[34mSELECT "articles".* FROM "articles" WHERE "articles"."id" = ? LIMIT ?[0m  [["id", 1], ["LIMIT", 1]]
  ↳ app/controllers/articles_controller.rb:7:in `show'
  Rendering layout layouts/application.html.erb
  Rendering articles/show.html.erb within layouts/application
  [1m[36mComment Load (0.1ms)[0m  [1m[34mSELECT "comments".* FROM "comments" WHERE "comments"."article_id" = ?[0m  [["article_id", 1]]
  ↳ app/views/articles/show.html.erb:14
  Rendered articles/show.html.erb within layouts/application (Duration: 2.5ms | Allocations: 1531)
  Rendered layout layouts/application.html.erb (Duration: 4.8ms | Allocations: 2723)
Completed 200 OK in 7ms (Views: 5.5ms | ActiveRecord: 0.1ms | Allocations: 3370)


Started GET "/" for ::1 at 2024-05-07 12:13:35 +0300
Processing by ArticlesController#index as HTML
  Rendering layout layouts/application.html.erb
  Rendering articles/index.html.erb within layouts/application
  [1m[36mArticle Load (0.1ms)[0m  [1m[34mSELECT "articles".* FROM "articles"[0m
  ↳ app/views/articles/index.html.erb:4
  Rendered articles/index.html.erb within layouts/application (Duration: 4.0ms | Allocations: 455)
  Rendered layout layouts/application.html.erb (Duration: 18.9ms | Allocations: 1920)
Completed 200 OK in 37ms (Views: 35.1ms | ActiveRecord: 0.1ms | Allocations: 2182)


Started GET "/articles/1" for ::1 at 2024-05-07 12:13:37 +0300
Processing by ArticlesController#show as HTML
  Parameters: {"id"=>"1"}
  [1m[36mArticle Load (0.1ms)[0m  [1m[34mSELECT "articles".* FROM "articles" WHERE "articles"."id" = ? LIMIT ?[0m  [["id", 1], ["LIMIT", 1]]
  ↳ app/controllers/articles_controller.rb:7:in `show'
  Rendering layout layouts/application.html.erb
  Rendering articles/show.html.erb within layouts/application
  [1m[36mComment Load (0.1ms)[0m  [1m[34mSELECT "comments".* FROM "comments" WHERE "comments"."article_id" = ?[0m  [["article_id", 1]]
  ↳ app/views/articles/show.html.erb:14
  Rendered articles/show.html.erb within layouts/application (Duration: 3.3ms | Allocations: 1493)
  Rendered layout layouts/application.html.erb (Duration: 6.1ms | Allocations: 2698)
Completed 200 OK in 8ms (Views: 6.6ms | ActiveRecord: 0.2ms | Allocations: 3312)


  [1m[36mActiveRecord::InternalMetadata Load (0.5ms)[0m  [1m[34mSELECT * FROM "ar_internal_metadata" WHERE "ar_internal_metadata"."key" = ? ORDER BY "ar_internal_metadata"."key" ASC LIMIT 1[0m  [[nil, "environment"]]
  [1m[36mActiveRecord::SchemaMigration Load (0.1ms)[0m  [1m[34mSELECT "schema_migrations"."version" FROM "schema_migrations" ORDER BY "schema_migrations"."version" ASC[0m
Migrating to AddStatusToArticles (20240507092117)
  [1m[36mTRANSACTION (0.0ms)[0m  [1m[36mbegin transaction[0m
  [1m[35m (1.8ms)[0m  [1m[35mALTER TABLE "articles" ADD "status" varchar[0m
  [1m[36mActiveRecord::SchemaMigration Create (0.3ms)[0m  [1m[32mINSERT INTO "schema_migrations" ("version") VALUES ('20240507092117') RETURNING "version"[0m
  [1m[36mTRANSACTION (0.5ms)[0m  [1m[36mcommit transaction[0m
Migrating to AddStatusToComments (20240507092118)
  [1m[36mTRANSACTION (0.1ms)[0m  [1m[36mbegin transaction[0m
  [1m[35m (1.4ms)[0m  [1m[35mALTER TABLE "comments" ADD "status" varchar[0m
  [1m[36mActiveRecord::SchemaMigration Create (0.1ms)[0m  [1m[32mINSERT INTO "schema_migrations" ("version") VALUES ('20240507092118') RETURNING "version"[0m
  [1m[36mTRANSACTION (0.1ms)[0m  [1m[36mcommit transaction[0m
  [1m[36mActiveRecord::SchemaMigration Load (0.1ms)[0m  [1m[34mSELECT "schema_migrations"."version" FROM "schema_migrations" ORDER BY "schema_migrations"."version" ASC[0m
Started GET "/" for ::1 at 2024-05-07 12:31:35 +0300
  [1m[36mActiveRecord::SchemaMigration Load (0.2ms)[0m  [1m[34mSELECT "schema_migrations"."version" FROM "schema_migrations" ORDER BY "schema_migrations"."version" ASC[0m
Processing by ArticlesController#index as HTML
  Rendering layout layouts/application.html.erb
  Rendering articles/index.html.erb within layouts/application
  [1m[36mArticle Count (1.2ms)[0m  [1m[34mSELECT COUNT(*) FROM "articles" WHERE "articles"."status" = ?[0m  [["status", "public"]]
  ↳ app/models/concerns/visible.rb:12:in `public_count'
  [1m[36mArticle Load (0.1ms)[0m  [1m[34mSELECT "articles".* FROM "articles"[0m
  ↳ app/views/articles/index.html.erb:6
  Rendered articles/index.html.erb within layouts/application (Duration: 24.6ms | Allocations: 12193)
  Rendered layout layouts/application.html.erb (Duration: 125.8ms | Allocations: 49784)
Completed 200 OK in 165ms (Views: 127.5ms | ActiveRecord: 3.4ms | Allocations: 61245)


Started GET "/articles/1" for ::1 at 2024-05-07 12:31:37 +0300
Processing by ArticlesController#show as HTML
  Parameters: {"id"=>"1"}
  [1m[36mArticle Load (0.2ms)[0m  [1m[34mSELECT "articles".* FROM "articles" WHERE "articles"."id" = ? LIMIT ?[0m  [["id", 1], ["LIMIT", 1]]
  ↳ app/controllers/articles_controller.rb:7:in `show'
  Rendering layout layouts/application.html.erb
  Rendering articles/show.html.erb within layouts/application
  [1m[36mComment Load (0.1ms)[0m  [1m[34mSELECT "comments".* FROM "comments" WHERE "comments"."article_id" = ?[0m  [["article_id", 1]]
  ↳ app/views/articles/show.html.erb:14
  Rendered collection of comments/_comment.html.erb [1 times] (Duration: 0.7ms | Allocations: 272)
  Rendered comments/_form.html.erb (Duration: 11.7ms | Allocations: 3259)
  Rendered articles/show.html.erb within layouts/application (Duration: 43.8ms | Allocations: 14376)
  Rendered layout layouts/application.html.erb (Duration: 47.1ms | Allocations: 15569)
Completed 200 OK in 51ms (Views: 47.1ms | ActiveRecord: 0.6ms | Allocations: 17331)


Started GET "/articles/1" for ::1 at 2024-05-07 12:31:47 +0300
Processing by ArticlesController#show as HTML
  Parameters: {"id"=>"1"}
  [1m[36mArticle Load (0.1ms)[0m  [1m[34mSELECT "articles".* FROM "articles" WHERE "articles"."id" = ? LIMIT ?[0m  [["id", 1], ["LIMIT", 1]]
  ↳ app/controllers/articles_controller.rb:7:in `show'
  Rendering layout layouts/application.html.erb
  Rendering articles/show.html.erb within layouts/application
  [1m[36mComment Load (0.1ms)[0m  [1m[34mSELECT "comments".* FROM "comments" WHERE "comments"."article_id" = ?[0m  [["article_id", 1]]
  ↳ app/views/articles/show.html.erb:14
  Rendered collection of comments/_comment.html.erb [1 times] (Duration: 0.2ms | Allocations: 72)
  Rendered comments/_form.html.erb (Duration: 2.5ms | Allocations: 1160)
  Rendered articles/show.html.erb within layouts/application (Duration: 4.5ms | Allocations: 1980)
  Rendered layout layouts/application.html.erb (Duration: 7.0ms | Allocations: 3172)
Completed 200 OK in 9ms (Views: 7.4ms | ActiveRecord: 0.2ms | Allocations: 3789)


Started GET "/articles/1/edit" for ::1 at 2024-05-07 12:31:49 +0300
Processing by ArticlesController#edit as HTML
  Parameters: {"id"=>"1"}
  [1m[36mArticle Load (0.1ms)[0m  [1m[34mSELECT "articles".* FROM "articles" WHERE "articles"."id" = ? LIMIT ?[0m  [["id", 1], ["LIMIT", 1]]
  ↳ app/controllers/articles_controller.rb:25:in `edit'
  Rendering layout layouts/application.html.erb
  Rendering articles/edit.html.erb within layouts/application
  Rendered articles/_form.html.erb (Duration: 2.5ms | Allocations: 1585)
  Rendered articles/edit.html.erb within layouts/application (Duration: 3.9ms | Allocations: 1825)
  Rendered layout layouts/application.html.erb (Duration: 6.0ms | Allocations: 3017)
Completed 200 OK in 10ms (Views: 6.6ms | ActiveRecord: 0.1ms | Allocations: 3697)


Started POST "/articles/1/comments" for ::1 at 2024-05-07 12:32:23 +0300
Processing by CommentsController#create as TURBO_STREAM
  Parameters: {"authenticity_token"=>"[FILTERED]", "comment"=>{"status"=>"public", "commenter"=>"comment", "body"=>"commenting..."}, "commit"=>"Create Comment", "article_id"=>"1"}
  [1m[36mArticle Load (0.1ms)[0m  [1m[34mSELECT "articles".* FROM "articles" WHERE "articles"."id" = ? LIMIT ?[0m  [["id", 1], ["LIMIT", 1]]
  ↳ app/controllers/comments_controller.rb:3:in `create'
  [1m[36mTRANSACTION (0.1ms)[0m  [1m[36mbegin transaction[0m
  ↳ app/controllers/comments_controller.rb:4:in `create'
  [1m[36mComment Create (19.0ms)[0m  [1m[32mINSERT INTO "comments" ("commenter", "body", "article_id", "created_at", "updated_at", "status") VALUES (?, ?, ?, ?, ?, ?) RETURNING "id"[0m  [["commenter", "comment"], ["body", "commenting..."], ["article_id", 1], ["created_at", "2024-05-07 09:32:23.264184"], ["updated_at", "2024-05-07 09:32:23.264184"], ["status", "public"]]
  ↳ app/controllers/comments_controller.rb:4:in `create'
  [1m[36mTRANSACTION (1.2ms)[0m  [1m[36mcommit transaction[0m
  ↳ app/controllers/comments_controller.rb:4:in `create'
Redirected to http://localhost:3000/articles/1
Completed 302 Found in 28ms (ActiveRecord: 20.3ms | Allocations: 4179)


Started GET "/articles/1" for ::1 at 2024-05-07 12:32:23 +0300
Processing by ArticlesController#show as TURBO_STREAM
  Parameters: {"id"=>"1"}
  [1m[36mArticle Load (0.1ms)[0m  [1m[34mSELECT "articles".* FROM "articles" WHERE "articles"."id" = ? LIMIT ?[0m  [["id", 1], ["LIMIT", 1]]
  ↳ app/controllers/articles_controller.rb:7:in `show'
  Rendering layout layouts/application.html.erb
  Rendering articles/show.html.erb within layouts/application
  [1m[36mComment Load (0.1ms)[0m  [1m[34mSELECT "comments".* FROM "comments" WHERE "comments"."article_id" = ?[0m  [["article_id", 1]]
  ↳ app/views/articles/show.html.erb:14
  Rendered collection of comments/_comment.html.erb [2 times] (Duration: 0.2ms | Allocations: 86)
  Rendered comments/_form.html.erb (Duration: 2.3ms | Allocations: 1155)
  Rendered articles/show.html.erb within layouts/application (Duration: 4.2ms | Allocations: 2055)
  Rendered layout layouts/application.html.erb (Duration: 6.6ms | Allocations: 3260)
Completed 200 OK in 9ms (Views: 7.0ms | ActiveRecord: 0.2ms | Allocations: 3907)


Started GET "/" for ::1 at 2024-05-07 12:32:30 +0300
Processing by ArticlesController#index as HTML
  Rendering layout layouts/application.html.erb
  Rendering articles/index.html.erb within layouts/application
  [1m[36mArticle Count (0.2ms)[0m  [1m[34mSELECT COUNT(*) FROM "articles" WHERE "articles"."status" = ?[0m  [["status", "public"]]
  ↳ app/models/concerns/visible.rb:12:in `public_count'
  [1m[36mArticle Load (0.1ms)[0m  [1m[34mSELECT "articles".* FROM "articles"[0m
  ↳ app/views/articles/index.html.erb:6
  Rendered articles/index.html.erb within layouts/application (Duration: 3.6ms | Allocations: 867)
  Rendered layout layouts/application.html.erb (Duration: 7.0ms | Allocations: 2335)
Completed 200 OK in 9ms (Views: 7.4ms | ActiveRecord: 0.3ms | Allocations: 2589)


Started GET "/articles/1" for ::1 at 2024-05-07 12:32:33 +0300
Processing by ArticlesController#show as HTML
  Parameters: {"id"=>"1"}
  [1m[36mArticle Load (0.1ms)[0m  [1m[34mSELECT "articles".* FROM "articles" WHERE "articles"."id" = ? LIMIT ?[0m  [["id", 1], ["LIMIT", 1]]
  ↳ app/controllers/articles_controller.rb:7:in `show'
  Rendering layout layouts/application.html.erb
  Rendering articles/show.html.erb within layouts/application
  [1m[36mComment Load (0.1ms)[0m  [1m[34mSELECT "comments".* FROM "comments" WHERE "comments"."article_id" = ?[0m  [["article_id", 1]]
  ↳ app/views/articles/show.html.erb:14
  Rendered collection of comments/_comment.html.erb [2 times] (Duration: 0.4ms | Allocations: 86)
  Rendered comments/_form.html.erb (Duration: 2.6ms | Allocations: 1139)
  Rendered articles/show.html.erb within layouts/application (Duration: 5.0ms | Allocations: 1995)
  Rendered layout layouts/application.html.erb (Duration: 6.8ms | Allocations: 3187)
Completed 200 OK in 9ms (Views: 7.3ms | ActiveRecord: 0.1ms | Allocations: 3787)


Started GET "/articles/new" for ::1 at 2024-05-07 12:32:34 +0300
Processing by ArticlesController#new as HTML
  Rendering layout layouts/application.html.erb
  Rendering articles/new.html.erb within layouts/application
  Rendered articles/_form.html.erb (Duration: 2.7ms | Allocations: 1075)
  Rendered articles/new.html.erb within layouts/application (Duration: 3.4ms | Allocations: 1250)
  Rendered layout layouts/application.html.erb (Duration: 5.6ms | Allocations: 2447)
Completed 200 OK in 8ms (Views: 6.1ms | ActiveRecord: 0.0ms | Allocations: 2787)


Started POST "/articles" for ::1 at 2024-05-07 12:32:46 +0300
Processing by ArticlesController#create as TURBO_STREAM
  Parameters: {"authenticity_token"=>"[FILTERED]", "article"=>{"status"=>"public", "title"=>"Article 2", "body"=>"Article 2 added"}, "commit"=>"Create Article"}
  [1m[36mTRANSACTION (0.1ms)[0m  [1m[36mbegin transaction[0m
  ↳ app/controllers/articles_controller.rb:17:in `create'
  [1m[36mArticle Create (0.9ms)[0m  [1m[32mINSERT INTO "articles" ("title", "body", "created_at", "updated_at", "status") VALUES (?, ?, ?, ?, ?) RETURNING "id"[0m  [["title", "Article 2"], ["body", "Article 2 added"], ["created_at", "2024-05-07 09:32:46.895520"], ["updated_at", "2024-05-07 09:32:46.895520"], ["status", "public"]]
  ↳ app/controllers/articles_controller.rb:17:in `create'
  [1m[36mTRANSACTION (0.5ms)[0m  [1m[36mcommit transaction[0m
  ↳ app/controllers/articles_controller.rb:17:in `create'
Redirected to http://localhost:3000/articles/3
Completed 302 Found in 6ms (ActiveRecord: 1.4ms | Allocations: 2363)


Started GET "/articles/3" for ::1 at 2024-05-07 12:32:46 +0300
Processing by ArticlesController#show as TURBO_STREAM
  Parameters: {"id"=>"3"}
  [1m[36mArticle Load (0.1ms)[0m  [1m[34mSELECT "articles".* FROM "articles" WHERE "articles"."id" = ? LIMIT ?[0m  [["id", 3], ["LIMIT", 1]]
  ↳ app/controllers/articles_controller.rb:7:in `show'
  Rendering layout layouts/application.html.erb
  Rendering articles/show.html.erb within layouts/application
  [1m[36mComment Load (0.1ms)[0m  [1m[34mSELECT "comments".* FROM "comments" WHERE "comments"."article_id" = ?[0m  [["article_id", 3]]
  ↳ app/views/articles/show.html.erb:14
  Rendered collection of templates [0 times] (Duration: 0.0ms | Allocations: 21)
  Rendered comments/_form.html.erb (Duration: 2.0ms | Allocations: 1136)
  Rendered articles/show.html.erb within layouts/application (Duration: 4.5ms | Allocations: 1855)
  Rendered layout layouts/application.html.erb (Duration: 6.6ms | Allocations: 3047)
Completed 200 OK in 9ms (Views: 7.1ms | ActiveRecord: 0.1ms | Allocations: 3650)


Started GET "/articles/3" for ::1 at 2024-05-07 12:32:49 +0300
Processing by ArticlesController#show as HTML
  Parameters: {"id"=>"3"}
  [1m[36mArticle Load (0.1ms)[0m  [1m[34mSELECT "articles".* FROM "articles" WHERE "articles"."id" = ? LIMIT ?[0m  [["id", 3], ["LIMIT", 1]]
  ↳ app/controllers/articles_controller.rb:7:in `show'
  Rendering layout layouts/application.html.erb
  Rendering articles/show.html.erb within layouts/application
  [1m[36mComment Load (0.1ms)[0m  [1m[34mSELECT "comments".* FROM "comments" WHERE "comments"."article_id" = ?[0m  [["article_id", 3]]
  ↳ app/views/articles/show.html.erb:14
  Rendered collection of templates [0 times] (Duration: 0.0ms | Allocations: 10)
  Rendered comments/_form.html.erb (Duration: 1.8ms | Allocations: 1155)
  Rendered articles/show.html.erb within layouts/application (Duration: 3.6ms | Allocations: 1858)
  Rendered layout layouts/application.html.erb (Duration: 6.0ms | Allocations: 3063)
Completed 200 OK in 23ms (Views: 21.0ms | ActiveRecord: 0.1ms | Allocations: 3662)


Started POST "/articles/3/comments" for ::1 at 2024-05-07 12:33:24 +0300
Processing by CommentsController#create as TURBO_STREAM
  Parameters: {"authenticity_token"=>"[FILTERED]", "comment"=>{"status"=>"archived", "commenter"=>"private commentator", "body"=>"commenting.."}, "commit"=>"Create Comment", "article_id"=>"3"}
  [1m[36mArticle Load (0.1ms)[0m  [1m[34mSELECT "articles".* FROM "articles" WHERE "articles"."id" = ? LIMIT ?[0m  [["id", 3], ["LIMIT", 1]]
  ↳ app/controllers/comments_controller.rb:3:in `create'
  [1m[36mTRANSACTION (0.1ms)[0m  [1m[36mbegin transaction[0m
  ↳ app/controllers/comments_controller.rb:4:in `create'
  [1m[36mComment Create (1.4ms)[0m  [1m[32mINSERT INTO "comments" ("commenter", "body", "article_id", "created_at", "updated_at", "status") VALUES (?, ?, ?, ?, ?, ?) RETURNING "id"[0m  [["commenter", "private commentator"], ["body", "commenting.."], ["article_id", 3], ["created_at", "2024-05-07 09:33:24.309637"], ["updated_at", "2024-05-07 09:33:24.309637"], ["status", "archived"]]
  ↳ app/controllers/comments_controller.rb:4:in `create'
  [1m[36mTRANSACTION (1.6ms)[0m  [1m[36mcommit transaction[0m
  ↳ app/controllers/comments_controller.rb:4:in `create'
Redirected to http://localhost:3000/articles/3
Completed 302 Found in 10ms (ActiveRecord: 3.1ms | Allocations: 2636)


Started GET "/articles/3" for ::1 at 2024-05-07 12:33:24 +0300
Processing by ArticlesController#show as TURBO_STREAM
  Parameters: {"id"=>"3"}
  [1m[36mArticle Load (0.1ms)[0m  [1m[34mSELECT "articles".* FROM "articles" WHERE "articles"."id" = ? LIMIT ?[0m  [["id", 3], ["LIMIT", 1]]
  ↳ app/controllers/articles_controller.rb:7:in `show'
  Rendering layout layouts/application.html.erb
  Rendering articles/show.html.erb within layouts/application
  [1m[36mComment Load (0.1ms)[0m  [1m[34mSELECT "comments".* FROM "comments" WHERE "comments"."article_id" = ?[0m  [["article_id", 3]]
  ↳ app/views/articles/show.html.erb:14
  Rendered collection of comments/_comment.html.erb [1 times] (Duration: 0.1ms | Allocations: 68)
  Rendered comments/_form.html.erb (Duration: 1.6ms | Allocations: 1136)
  Rendered articles/show.html.erb within layouts/application (Duration: 4.1ms | Allocations: 1951)
  Rendered layout layouts/application.html.erb (Duration: 6.9ms | Allocations: 3156)
Completed 200 OK in 11ms (Views: 7.6ms | ActiveRecord: 0.2ms | Allocations: 3759)


Started POST "/articles/3/comments" for ::1 at 2024-05-07 12:33:33 +0300
Processing by CommentsController#create as TURBO_STREAM
  Parameters: {"authenticity_token"=>"[FILTERED]", "comment"=>{"status"=>"public", "commenter"=>"wow", "body"=>"wow"}, "commit"=>"Create Comment", "article_id"=>"3"}
  [1m[36mArticle Load (0.1ms)[0m  [1m[34mSELECT "articles".* FROM "articles" WHERE "articles"."id" = ? LIMIT ?[0m  [["id", 3], ["LIMIT", 1]]
  ↳ app/controllers/comments_controller.rb:3:in `create'
  [1m[36mTRANSACTION (0.1ms)[0m  [1m[36mbegin transaction[0m
  ↳ app/controllers/comments_controller.rb:4:in `create'
  [1m[36mComment Create (1.0ms)[0m  [1m[32mINSERT INTO "comments" ("commenter", "body", "article_id", "created_at", "updated_at", "status") VALUES (?, ?, ?, ?, ?, ?) RETURNING "id"[0m  [["commenter", "wow"], ["body", "wow"], ["article_id", 3], ["created_at", "2024-05-07 09:33:33.913107"], ["updated_at", "2024-05-07 09:33:33.913107"], ["status", "public"]]
  ↳ app/controllers/comments_controller.rb:4:in `create'
  [1m[36mTRANSACTION (0.2ms)[0m  [1m[36mcommit transaction[0m
  ↳ app/controllers/comments_controller.rb:4:in `create'
Redirected to http://localhost:3000/articles/3
Completed 302 Found in 7ms (ActiveRecord: 1.3ms | Allocations: 2638)


Started GET "/articles/3" for ::1 at 2024-05-07 12:33:33 +0300
Processing by ArticlesController#show as TURBO_STREAM
  Parameters: {"id"=>"3"}
  [1m[36mArticle Load (0.1ms)[0m  [1m[34mSELECT "articles".* FROM "articles" WHERE "articles"."id" = ? LIMIT ?[0m  [["id", 3], ["LIMIT", 1]]
  ↳ app/controllers/articles_controller.rb:7:in `show'
  Rendering layout layouts/application.html.erb
  Rendering articles/show.html.erb within layouts/application
  [1m[36mComment Load (0.1ms)[0m  [1m[34mSELECT "comments".* FROM "comments" WHERE "comments"."article_id" = ?[0m  [["article_id", 3]]
  ↳ app/views/articles/show.html.erb:14
  Rendered collection of comments/_comment.html.erb [2 times] (Duration: 0.2ms | Allocations: 82)
  Rendered comments/_form.html.erb (Duration: 1.9ms | Allocations: 1142)
  Rendered articles/show.html.erb within layouts/application (Duration: 4.5ms | Allocations: 1995)
  Rendered layout layouts/application.html.erb (Duration: 6.3ms | Allocations: 3188)
Completed 200 OK in 9ms (Views: 6.9ms | ActiveRecord: 0.2ms | Allocations: 3791)


Started GET "/articles/3" for ::1 at 2024-05-07 12:33:41 +0300
Processing by ArticlesController#show as HTML
  Parameters: {"id"=>"3"}
  [1m[36mArticle Load (0.1ms)[0m  [1m[34mSELECT "articles".* FROM "articles" WHERE "articles"."id" = ? LIMIT ?[0m  [["id", 3], ["LIMIT", 1]]
  ↳ app/controllers/articles_controller.rb:7:in `show'
  Rendering layout layouts/application.html.erb
  Rendering articles/show.html.erb within layouts/application
  [1m[36mComment Load (0.1ms)[0m  [1m[34mSELECT "comments".* FROM "comments" WHERE "comments"."article_id" = ?[0m  [["article_id", 3]]
  ↳ app/views/articles/show.html.erb:14
  Rendered collection of comments/_comment.html.erb [2 times] (Duration: 0.2ms | Allocations: 82)
  Rendered comments/_form.html.erb (Duration: 1.6ms | Allocations: 1142)
  Rendered articles/show.html.erb within layouts/application (Duration: 3.5ms | Allocations: 1995)
  Rendered layout layouts/application.html.erb (Duration: 5.3ms | Allocations: 3187)
Completed 200 OK in 8ms (Views: 5.7ms | ActiveRecord: 0.1ms | Allocations: 3785)


Started DELETE "/articles/3?_method=delete" for ::1 at 2024-05-07 12:33:45 +0300
Processing by ArticlesController#destroy as TURBO_STREAM
  Parameters: {"id"=>"3"}
  [1m[36mArticle Load (0.1ms)[0m  [1m[34mSELECT "articles".* FROM "articles" WHERE "articles"."id" = ? LIMIT ?[0m  [["id", 3], ["LIMIT", 1]]
  ↳ app/controllers/articles_controller.rb:39:in `destroy'
  [1m[36mTRANSACTION (0.1ms)[0m  [1m[36mbegin transaction[0m
  ↳ app/controllers/articles_controller.rb:40:in `destroy'
  [1m[36mArticle Destroy (4.3ms)[0m  [1m[31mDELETE FROM "articles" WHERE "articles"."id" = ?[0m  [["id", 3]]
  ↳ app/controllers/articles_controller.rb:40:in `destroy'
  [1m[36mTRANSACTION (0.5ms)[0m  [1m[31mrollback transaction[0m
  ↳ app/controllers/articles_controller.rb:40:in `destroy'
Completed 500 Internal Server Error in 20ms (ActiveRecord: 4.9ms | Allocations: 3040)


  
ActiveRecord::InvalidForeignKey (SQLite3::ConstraintException: FOREIGN KEY constraint failed):
  
Started GET "/" for ::1 at 2024-05-07 12:34:18 +0300
Processing by ArticlesController#index as HTML
  Rendering layout layouts/application.html.erb
  Rendering articles/index.html.erb within layouts/application
  [1m[36mArticle Count (0.5ms)[0m  [1m[34mSELECT COUNT(*) FROM "articles" WHERE "articles"."status" = ?[0m  [["status", "public"]]
  ↳ app/models/concerns/visible.rb:12:in `public_count'
  [1m[36mArticle Load (0.1ms)[0m  [1m[34mSELECT "articles".* FROM "articles"[0m
  ↳ app/views/articles/index.html.erb:6
  Rendered articles/index.html.erb within layouts/application (Duration: 4.5ms | Allocations: 904)
  Rendered layout layouts/application.html.erb (Duration: 6.9ms | Allocations: 2388)
Completed 200 OK in 9ms (Views: 7.3ms | ActiveRecord: 0.7ms | Allocations: 2643)


Started GET "/articles/3" for ::1 at 2024-05-07 12:34:20 +0300
Processing by ArticlesController#show as HTML
  Parameters: {"id"=>"3"}
  [1m[36mArticle Load (0.1ms)[0m  [1m[34mSELECT "articles".* FROM "articles" WHERE "articles"."id" = ? LIMIT ?[0m  [["id", 3], ["LIMIT", 1]]
  ↳ app/controllers/articles_controller.rb:7:in `show'
  Rendering layout layouts/application.html.erb
  Rendering articles/show.html.erb within layouts/application
  [1m[36mComment Load (0.1ms)[0m  [1m[34mSELECT "comments".* FROM "comments" WHERE "comments"."article_id" = ?[0m  [["article_id", 3]]
  ↳ app/views/articles/show.html.erb:14
  Rendered collection of comments/_comment.html.erb [2 times] (Duration: 0.2ms | Allocations: 82)
  Rendered comments/_form.html.erb (Duration: 1.5ms | Allocations: 1143)
  Rendered articles/show.html.erb within layouts/application (Duration: 3.3ms | Allocations: 1996)
  Rendered layout layouts/application.html.erb (Duration: 6.3ms | Allocations: 3201)
Completed 200 OK in 8ms (Views: 6.7ms | ActiveRecord: 0.1ms | Allocations: 3803)


Started GET "/articles/1" for ::1 at 2024-05-07 12:34:22 +0300
Processing by ArticlesController#show as HTML
  Parameters: {"id"=>"1"}
  [1m[36mArticle Load (0.1ms)[0m  [1m[34mSELECT "articles".* FROM "articles" WHERE "articles"."id" = ? LIMIT ?[0m  [["id", 1], ["LIMIT", 1]]
  ↳ app/controllers/articles_controller.rb:7:in `show'
  Rendering layout layouts/application.html.erb
  Rendering articles/show.html.erb within layouts/application
  [1m[36mComment Load (0.1ms)[0m  [1m[34mSELECT "comments".* FROM "comments" WHERE "comments"."article_id" = ?[0m  [["article_id", 1]]
  ↳ app/views/articles/show.html.erb:14
  Rendered collection of comments/_comment.html.erb [2 times] (Duration: 0.2ms | Allocations: 86)
  Rendered comments/_form.html.erb (Duration: 3.2ms | Allocations: 1130)
  Rendered articles/show.html.erb within layouts/application (Duration: 5.7ms | Allocations: 1986)
  Rendered layout layouts/application.html.erb (Duration: 7.7ms | Allocations: 3178)
Completed 200 OK in 10ms (Views: 8.3ms | ActiveRecord: 0.2ms | Allocations: 3778)


Started GET "/" for ::1 at 2024-05-07 12:34:25 +0300
Processing by ArticlesController#index as HTML
  Rendering layout layouts/application.html.erb
  Rendering articles/index.html.erb within layouts/application
  [1m[36mArticle Count (0.2ms)[0m  [1m[34mSELECT COUNT(*) FROM "articles" WHERE "articles"."status" = ?[0m  [["status", "public"]]
  ↳ app/models/concerns/visible.rb:12:in `public_count'
  [1m[36mArticle Load (0.1ms)[0m  [1m[34mSELECT "articles".* FROM "articles"[0m
  ↳ app/views/articles/index.html.erb:6
  Rendered articles/index.html.erb within layouts/application (Duration: 2.5ms | Allocations: 903)
  Rendered layout layouts/application.html.erb (Duration: 5.3ms | Allocations: 2365)
Completed 200 OK in 6ms (Views: 5.5ms | ActiveRecord: 0.2ms | Allocations: 2619)


Started GET "/articles/1" for ::1 at 2024-05-07 12:34:27 +0300
Processing by ArticlesController#show as HTML
  Parameters: {"id"=>"1"}
  [1m[36mArticle Load (0.2ms)[0m  [1m[34mSELECT "articles".* FROM "articles" WHERE "articles"."id" = ? LIMIT ?[0m  [["id", 1], ["LIMIT", 1]]
  ↳ app/controllers/articles_controller.rb:7:in `show'
  Rendering layout layouts/application.html.erb
  Rendering articles/show.html.erb within layouts/application
  [1m[36mComment Load (0.1ms)[0m  [1m[34mSELECT "comments".* FROM "comments" WHERE "comments"."article_id" = ?[0m  [["article_id", 1]]
  ↳ app/views/articles/show.html.erb:14
  Rendered collection of comments/_comment.html.erb [2 times] (Duration: 0.1ms | Allocations: 86)
  Rendered comments/_form.html.erb (Duration: 1.7ms | Allocations: 1139)
  Rendered articles/show.html.erb within layouts/application (Duration: 3.7ms | Allocations: 1995)
  Rendered layout layouts/application.html.erb (Duration: 5.8ms | Allocations: 3188)
Completed 200 OK in 9ms (Views: 6.4ms | ActiveRecord: 0.3ms | Allocations: 3788)


Started GET "/articles/3" for ::1 at 2024-05-07 12:34:27 +0300
Processing by ArticlesController#show as HTML
  Parameters: {"id"=>"3"}
  [1m[36mArticle Load (0.1ms)[0m  [1m[34mSELECT "articles".* FROM "articles" WHERE "articles"."id" = ? LIMIT ?[0m  [["id", 3], ["LIMIT", 1]]
  ↳ app/controllers/articles_controller.rb:7:in `show'
  Rendering layout layouts/application.html.erb
  Rendering articles/show.html.erb within layouts/application
  [1m[36mComment Load (0.1ms)[0m  [1m[34mSELECT "comments".* FROM "comments" WHERE "comments"."article_id" = ?[0m  [["article_id", 3]]
  ↳ app/views/articles/show.html.erb:14
  Rendered collection of comments/_comment.html.erb [2 times] (Duration: 0.1ms | Allocations: 82)
  Rendered comments/_form.html.erb (Duration: 1.5ms | Allocations: 1142)
  Rendered articles/show.html.erb within layouts/application (Duration: 3.2ms | Allocations: 1995)
  Rendered layout layouts/application.html.erb (Duration: 8.5ms | Allocations: 3187)
Completed 200 OK in 12ms (Views: 9.0ms | ActiveRecord: 0.2ms | Allocations: 3788)


Started DELETE "/articles/3?_method=delete" for ::1 at 2024-05-07 12:34:34 +0300
Processing by ArticlesController#destroy as TURBO_STREAM
  Parameters: {"id"=>"3"}
  [1m[36mArticle Load (0.1ms)[0m  [1m[34mSELECT "articles".* FROM "articles" WHERE "articles"."id" = ? LIMIT ?[0m  [["id", 3], ["LIMIT", 1]]
  ↳ app/controllers/articles_controller.rb:39:in `destroy'
  [1m[36mTRANSACTION (0.1ms)[0m  [1m[36mbegin transaction[0m
  ↳ app/controllers/articles_controller.rb:40:in `destroy'
  [1m[36mArticle Destroy (2.3ms)[0m  [1m[31mDELETE FROM "articles" WHERE "articles"."id" = ?[0m  [["id", 3]]
  ↳ app/controllers/articles_controller.rb:40:in `destroy'
  [1m[36mTRANSACTION (0.1ms)[0m  [1m[31mrollback transaction[0m
  ↳ app/controllers/articles_controller.rb:40:in `destroy'
Completed 500 Internal Server Error in 8ms (ActiveRecord: 2.6ms | Allocations: 2853)


  
ActiveRecord::InvalidForeignKey (SQLite3::ConstraintException: FOREIGN KEY constraint failed):
  
Started GET "/" for ::1 at 2024-05-07 12:38:13 +0300
Processing by ArticlesController#index as HTML
  Rendering layout layouts/application.html.erb
  Rendering articles/index.html.erb within layouts/application
  [1m[36mArticle Count (0.1ms)[0m  [1m[34mSELECT COUNT(*) FROM "articles" WHERE "articles"."status" = ?[0m  [["status", "public"]]
  ↳ app/models/concerns/visible.rb:12:in `public_count'
  [1m[36mArticle Load (0.1ms)[0m  [1m[34mSELECT "articles".* FROM "articles"[0m
  ↳ app/views/articles/index.html.erb:6
  Rendered articles/index.html.erb within layouts/application (Duration: 14.7ms | Allocations: 4385)
  Rendered layout layouts/application.html.erb (Duration: 55.5ms | Allocations: 21109)
Completed 200 OK in 71ms (Views: 54.6ms | ActiveRecord: 4.2ms | Allocations: 23552)


Started GET "/articles/3" for ::1 at 2024-05-07 12:38:17 +0300
Processing by ArticlesController#show as HTML
  Parameters: {"id"=>"3"}
  [1m[36mArticle Load (0.1ms)[0m  [1m[34mSELECT "articles".* FROM "articles" WHERE "articles"."id" = ? LIMIT ?[0m  [["id", 3], ["LIMIT", 1]]
  ↳ app/controllers/articles_controller.rb:7:in `show'
  Rendering layout layouts/application.html.erb
  Rendering articles/show.html.erb within layouts/application
  [1m[36mComment Load (0.3ms)[0m  [1m[34mSELECT "comments".* FROM "comments" WHERE "comments"."article_id" = ?[0m  [["article_id", 3]]
  ↳ app/views/articles/show.html.erb:14
  Rendered collection of comments/_comment.html.erb [2 times] (Duration: 2.6ms | Allocations: 429)
  Rendered comments/_form.html.erb (Duration: 18.6ms | Allocations: 1482)
  Rendered articles/show.html.erb within layouts/application (Duration: 106.9ms | Allocations: 8962)
  Rendered layout layouts/application.html.erb (Duration: 112.9ms | Allocations: 10167)
Completed 200 OK in 131ms (Views: 111.6ms | ActiveRecord: 3.3ms | Allocations: 11444)


Started DELETE "/articles/3?_method=delete" for ::1 at 2024-05-07 12:38:27 +0300
Processing by ArticlesController#destroy as TURBO_STREAM
  Parameters: {"id"=>"3"}
  [1m[36mArticle Load (0.1ms)[0m  [1m[34mSELECT "articles".* FROM "articles" WHERE "articles"."id" = ? LIMIT ?[0m  [["id", 3], ["LIMIT", 1]]
  ↳ app/controllers/articles_controller.rb:39:in `destroy'
  [1m[36mTRANSACTION (0.1ms)[0m  [1m[36mbegin transaction[0m
  ↳ app/controllers/articles_controller.rb:40:in `destroy'
  [1m[36mComment Load (1.0ms)[0m  [1m[34mSELECT "comments".* FROM "comments" WHERE "comments"."article_id" = ?[0m  [["article_id", 3]]
  ↳ app/controllers/articles_controller.rb:40:in `destroy'
  [1m[36mComment Destroy (0.1ms)[0m  [1m[31mDELETE FROM "comments" WHERE "comments"."id" = ?[0m  [["id", 3]]
  ↳ app/controllers/articles_controller.rb:40:in `destroy'
  [1m[36mComment Destroy (0.1ms)[0m  [1m[31mDELETE FROM "comments" WHERE "comments"."id" = ?[0m  [["id", 4]]
  ↳ app/controllers/articles_controller.rb:40:in `destroy'
  [1m[36mArticle Destroy (0.2ms)[0m  [1m[31mDELETE FROM "articles" WHERE "articles"."id" = ?[0m  [["id", 3]]
  ↳ app/controllers/articles_controller.rb:40:in `destroy'
  [1m[36mTRANSACTION (0.7ms)[0m  [1m[36mcommit transaction[0m
  ↳ app/controllers/articles_controller.rb:40:in `destroy'
Redirected to http://localhost:3000/
Completed 303 See Other in 13ms (ActiveRecord: 2.2ms | Allocations: 4078)


Started GET "/" for ::1 at 2024-05-07 12:38:27 +0300
Processing by ArticlesController#index as TURBO_STREAM
  Rendering layout layouts/application.html.erb
  Rendering articles/index.html.erb within layouts/application
  [1m[36mArticle Count (0.1ms)[0m  [1m[34mSELECT COUNT(*) FROM "articles" WHERE "articles"."status" = ?[0m  [["status", "public"]]
  ↳ app/models/concerns/visible.rb:12:in `public_count'
  [1m[36mArticle Load (0.1ms)[0m  [1m[34mSELECT "articles".* FROM "articles"[0m
  ↳ app/views/articles/index.html.erb:6
  Rendered articles/index.html.erb within layouts/application (Duration: 2.1ms | Allocations: 865)
  Rendered layout layouts/application.html.erb (Duration: 5.2ms | Allocations: 2365)
Completed 200 OK in 7ms (Views: 5.5ms | ActiveRecord: 0.2ms | Allocations: 2668)


Started GET "/articles/1" for ::1 at 2024-05-07 12:38:35 +0300
Processing by ArticlesController#show as HTML
  Parameters: {"id"=>"1"}
  [1m[36mArticle Load (0.1ms)[0m  [1m[34mSELECT "articles".* FROM "articles" WHERE "articles"."id" = ? LIMIT ?[0m  [["id", 1], ["LIMIT", 1]]
  ↳ app/controllers/articles_controller.rb:7:in `show'
  Rendering layout layouts/application.html.erb
  Rendering articles/show.html.erb within layouts/application
  [1m[36mComment Load (0.1ms)[0m  [1m[34mSELECT "comments".* FROM "comments" WHERE "comments"."article_id" = ?[0m  [["article_id", 1]]
  ↳ app/views/articles/show.html.erb:14
  Rendered collection of comments/_comment.html.erb [2 times] (Duration: 0.5ms | Allocations: 240)
  Rendered comments/_form.html.erb (Duration: 2.9ms | Allocations: 1147)
  Rendered articles/show.html.erb within layouts/application (Duration: 5.8ms | Allocations: 2157)
  Rendered layout layouts/application.html.erb (Duration: 7.8ms | Allocations: 3349)
Completed 200 OK in 10ms (Views: 8.1ms | ActiveRecord: 0.1ms | Allocations: 3949)


Started DELETE "/articles/1?_method=delete" for ::1 at 2024-05-07 12:38:39 +0300
Processing by ArticlesController#destroy as TURBO_STREAM
  Parameters: {"id"=>"1"}
  [1m[36mArticle Load (0.1ms)[0m  [1m[34mSELECT "articles".* FROM "articles" WHERE "articles"."id" = ? LIMIT ?[0m  [["id", 1], ["LIMIT", 1]]
  ↳ app/controllers/articles_controller.rb:39:in `destroy'
  [1m[36mTRANSACTION (0.2ms)[0m  [1m[36mbegin transaction[0m
  ↳ app/controllers/articles_controller.rb:40:in `destroy'
  [1m[36mComment Load (6.3ms)[0m  [1m[34mSELECT "comments".* FROM "comments" WHERE "comments"."article_id" = ?[0m  [["article_id", 1]]
  ↳ app/controllers/articles_controller.rb:40:in `destroy'
  [1m[36mComment Destroy (0.1ms)[0m  [1m[31mDELETE FROM "comments" WHERE "comments"."id" = ?[0m  [["id", 1]]
  ↳ app/controllers/articles_controller.rb:40:in `destroy'
  [1m[36mComment Destroy (0.1ms)[0m  [1m[31mDELETE FROM "comments" WHERE "comments"."id" = ?[0m  [["id", 2]]
  ↳ app/controllers/articles_controller.rb:40:in `destroy'
  [1m[36mArticle Destroy (0.1ms)[0m  [1m[31mDELETE FROM "articles" WHERE "articles"."id" = ?[0m  [["id", 1]]
  ↳ app/controllers/articles_controller.rb:40:in `destroy'
  [1m[36mTRANSACTION (0.5ms)[0m  [1m[36mcommit transaction[0m
  ↳ app/controllers/articles_controller.rb:40:in `destroy'
Redirected to http://localhost:3000/
Completed 303 See Other in 22ms (ActiveRecord: 7.2ms | Allocations: 3879)


Started GET "/" for ::1 at 2024-05-07 12:38:39 +0300
Processing by ArticlesController#index as TURBO_STREAM
  Rendering layout layouts/application.html.erb
  Rendering articles/index.html.erb within layouts/application
  [1m[36mArticle Count (0.2ms)[0m  [1m[34mSELECT COUNT(*) FROM "articles" WHERE "articles"."status" = ?[0m  [["status", "public"]]
  ↳ app/models/concerns/visible.rb:12:in `public_count'
  [1m[36mArticle Load (0.2ms)[0m  [1m[34mSELECT "articles".* FROM "articles"[0m
  ↳ app/views/articles/index.html.erb:6
  Rendered articles/index.html.erb within layouts/application (Duration: 3.2ms | Allocations: 818)
  Rendered layout layouts/application.html.erb (Duration: 7.8ms | Allocations: 2301)
Completed 200 OK in 10ms (Views: 8.5ms | ActiveRecord: 0.2ms | Allocations: 2560)


Started GET "/articles/new" for ::1 at 2024-05-07 12:38:41 +0300
Processing by ArticlesController#new as HTML
  Rendering layout layouts/application.html.erb
  Rendering articles/new.html.erb within layouts/application
  Rendered articles/_form.html.erb (Duration: 2.3ms | Allocations: 1414)
  Rendered articles/new.html.erb within layouts/application (Duration: 3.7ms | Allocations: 1655)
  Rendered layout layouts/application.html.erb (Duration: 5.6ms | Allocations: 2851)
Completed 200 OK in 8ms (Views: 6.2ms | ActiveRecord: 0.0ms | Allocations: 3190)


Started POST "/articles" for ::1 at 2024-05-07 12:38:56 +0300
Processing by ArticlesController#create as TURBO_STREAM
  Parameters: {"authenticity_token"=>"[FILTERED]", "article"=>{"status"=>"public", "title"=>"New article", "body"=>"hello rails"}, "commit"=>"Create Article"}
  [1m[36mTRANSACTION (0.1ms)[0m  [1m[36mbegin transaction[0m
  ↳ app/controllers/articles_controller.rb:17:in `create'
  [1m[36mArticle Create (1.5ms)[0m  [1m[32mINSERT INTO "articles" ("title", "body", "created_at", "updated_at", "status") VALUES (?, ?, ?, ?, ?) RETURNING "id"[0m  [["title", "New article"], ["body", "hello rails"], ["created_at", "2024-05-07 09:38:56.921143"], ["updated_at", "2024-05-07 09:38:56.921143"], ["status", "public"]]
  ↳ app/controllers/articles_controller.rb:17:in `create'
  [1m[36mTRANSACTION (0.2ms)[0m  [1m[36mcommit transaction[0m
  ↳ app/controllers/articles_controller.rb:17:in `create'
Redirected to http://localhost:3000/articles/4
Completed 302 Found in 7ms (ActiveRecord: 1.7ms | Allocations: 2240)


Started GET "/articles/4" for ::1 at 2024-05-07 12:38:56 +0300
Processing by ArticlesController#show as TURBO_STREAM
  Parameters: {"id"=>"4"}
  [1m[36mArticle Load (0.1ms)[0m  [1m[34mSELECT "articles".* FROM "articles" WHERE "articles"."id" = ? LIMIT ?[0m  [["id", 4], ["LIMIT", 1]]
  ↳ app/controllers/articles_controller.rb:7:in `show'
  Rendering layout layouts/application.html.erb
  Rendering articles/show.html.erb within layouts/application
  [1m[36mComment Load (0.1ms)[0m  [1m[34mSELECT "comments".* FROM "comments" WHERE "comments"."article_id" = ?[0m  [["article_id", 4]]
  ↳ app/views/articles/show.html.erb:14
  Rendered collection of templates [0 times] (Duration: 0.0ms | Allocations: 11)
  Rendered comments/_form.html.erb (Duration: 3.0ms | Allocations: 1151)
  Rendered articles/show.html.erb within layouts/application (Duration: 5.7ms | Allocations: 1899)
  Rendered layout layouts/application.html.erb (Duration: 7.5ms | Allocations: 3091)
Completed 200 OK in 9ms (Views: 7.9ms | ActiveRecord: 0.2ms | Allocations: 3694)


Started GET "/" for ::1 at 2024-05-07 12:39:01 +0300
Processing by ArticlesController#index as HTML
  Rendering layout layouts/application.html.erb
  Rendering articles/index.html.erb within layouts/application
  [1m[36mArticle Count (0.2ms)[0m  [1m[34mSELECT COUNT(*) FROM "articles" WHERE "articles"."status" = ?[0m  [["status", "public"]]
  ↳ app/models/concerns/visible.rb:12:in `public_count'
  [1m[36mArticle Load (0.1ms)[0m  [1m[34mSELECT "articles".* FROM "articles"[0m
  ↳ app/views/articles/index.html.erb:6
  Rendered articles/index.html.erb within layouts/application (Duration: 3.8ms | Allocations: 866)
  Rendered layout layouts/application.html.erb (Duration: 10.5ms | Allocations: 2331)
Completed 200 OK in 12ms (Views: 10.8ms | ActiveRecord: 0.3ms | Allocations: 2585)


Started GET "/articles/4" for ::1 at 2024-05-07 12:39:06 +0300
Processing by ArticlesController#show as HTML
  Parameters: {"id"=>"4"}
  [1m[36mArticle Load (0.1ms)[0m  [1m[34mSELECT "articles".* FROM "articles" WHERE "articles"."id" = ? LIMIT ?[0m  [["id", 4], ["LIMIT", 1]]
  ↳ app/controllers/articles_controller.rb:7:in `show'
  Rendering layout layouts/application.html.erb
  Rendering articles/show.html.erb within layouts/application
  [1m[36mComment Load (0.1ms)[0m  [1m[34mSELECT "comments".* FROM "comments" WHERE "comments"."article_id" = ?[0m  [["article_id", 4]]
  ↳ app/views/articles/show.html.erb:14
  Rendered collection of templates [0 times] (Duration: 0.0ms | Allocations: 10)
  Rendered comments/_form.html.erb (Duration: 3.0ms | Allocations: 1145)
  Rendered articles/show.html.erb within layouts/application (Duration: 5.2ms | Allocations: 1848)
  Rendered layout layouts/application.html.erb (Duration: 7.3ms | Allocations: 3040)
Completed 200 OK in 9ms (Views: 7.9ms | ActiveRecord: 0.2ms | Allocations: 3640)


Started POST "/articles/4/comments" for ::1 at 2024-05-07 12:39:16 +0300
Processing by CommentsController#create as TURBO_STREAM
  Parameters: {"authenticity_token"=>"[FILTERED]", "comment"=>{"status"=>"archived", "commenter"=>"rmrelfmrlm", "body"=>"fkewfk"}, "commit"=>"Create Comment", "article_id"=>"4"}
  [1m[36mArticle Load (0.1ms)[0m  [1m[34mSELECT "articles".* FROM "articles" WHERE "articles"."id" = ? LIMIT ?[0m  [["id", 4], ["LIMIT", 1]]
  ↳ app/controllers/comments_controller.rb:3:in `create'
  [1m[36mTRANSACTION (0.0ms)[0m  [1m[36mbegin transaction[0m
  ↳ app/controllers/comments_controller.rb:4:in `create'
  [1m[36mComment Create (1.0ms)[0m  [1m[32mINSERT INTO "comments" ("commenter", "body", "article_id", "created_at", "updated_at", "status") VALUES (?, ?, ?, ?, ?, ?) RETURNING "id"[0m  [["commenter", "rmrelfmrlm"], ["body", "fkewfk"], ["article_id", 4], ["created_at", "2024-05-07 09:39:16.170386"], ["updated_at", "2024-05-07 09:39:16.170386"], ["status", "archived"]]
  ↳ app/controllers/comments_controller.rb:4:in `create'
  [1m[36mTRANSACTION (0.2ms)[0m  [1m[36mcommit transaction[0m
  ↳ app/controllers/comments_controller.rb:4:in `create'
Redirected to http://localhost:3000/articles/4
Completed 302 Found in 8ms (ActiveRecord: 1.3ms | Allocations: 2848)


Started GET "/articles/4" for ::1 at 2024-05-07 12:39:16 +0300
Processing by ArticlesController#show as TURBO_STREAM
  Parameters: {"id"=>"4"}
  [1m[36mArticle Load (0.1ms)[0m  [1m[34mSELECT "articles".* FROM "articles" WHERE "articles"."id" = ? LIMIT ?[0m  [["id", 4], ["LIMIT", 1]]
  ↳ app/controllers/articles_controller.rb:7:in `show'
  Rendering layout layouts/application.html.erb
  Rendering articles/show.html.erb within layouts/application
  [1m[36mComment Load (0.1ms)[0m  [1m[34mSELECT "comments".* FROM "comments" WHERE "comments"."article_id" = ?[0m  [["article_id", 4]]
  ↳ app/views/articles/show.html.erb:14
  Rendered collection of comments/_comment.html.erb [1 times] (Duration: 0.2ms | Allocations: 68)
  Rendered comments/_form.html.erb (Duration: 9.8ms | Allocations: 1145)
  Rendered articles/show.html.erb within layouts/application (Duration: 11.9ms | Allocations: 1960)
  Rendered layout layouts/application.html.erb (Duration: 14.1ms | Allocations: 3165)
Completed 200 OK in 16ms (Views: 14.6ms | ActiveRecord: 0.1ms | Allocations: 3769)


Started POST "/articles/4/comments" for ::1 at 2024-05-07 12:39:23 +0300
Processing by CommentsController#create as TURBO_STREAM
  Parameters: {"authenticity_token"=>"[FILTERED]", "comment"=>{"status"=>"public", "commenter"=>"wow", "body"=>"wow"}, "commit"=>"Create Comment", "article_id"=>"4"}
  [1m[36mArticle Load (0.2ms)[0m  [1m[34mSELECT "articles".* FROM "articles" WHERE "articles"."id" = ? LIMIT ?[0m  [["id", 4], ["LIMIT", 1]]
  ↳ app/controllers/comments_controller.rb:3:in `create'
  [1m[36mTRANSACTION (0.1ms)[0m  [1m[36mbegin transaction[0m
  ↳ app/controllers/comments_controller.rb:4:in `create'
  [1m[36mComment Create (1.3ms)[0m  [1m[32mINSERT INTO "comments" ("commenter", "body", "article_id", "created_at", "updated_at", "status") VALUES (?, ?, ?, ?, ?, ?) RETURNING "id"[0m  [["commenter", "wow"], ["body", "wow"], ["article_id", 4], ["created_at", "2024-05-07 09:39:23.946912"], ["updated_at", "2024-05-07 09:39:23.946912"], ["status", "public"]]
  ↳ app/controllers/comments_controller.rb:4:in `create'
  [1m[36mTRANSACTION (0.2ms)[0m  [1m[36mcommit transaction[0m
  ↳ app/controllers/comments_controller.rb:4:in `create'
Redirected to http://localhost:3000/articles/4
Completed 302 Found in 9ms (ActiveRecord: 1.7ms | Allocations: 2639)


Started GET "/articles/4" for ::1 at 2024-05-07 12:39:23 +0300
Processing by ArticlesController#show as TURBO_STREAM
  Parameters: {"id"=>"4"}
  [1m[36mArticle Load (0.1ms)[0m  [1m[34mSELECT "articles".* FROM "articles" WHERE "articles"."id" = ? LIMIT ?[0m  [["id", 4], ["LIMIT", 1]]
  ↳ app/controllers/articles_controller.rb:7:in `show'
  Rendering layout layouts/application.html.erb
  Rendering articles/show.html.erb within layouts/application
  [1m[36mComment Load (0.1ms)[0m  [1m[34mSELECT "comments".* FROM "comments" WHERE "comments"."article_id" = ?[0m  [["article_id", 4]]
  ↳ app/views/articles/show.html.erb:14
  Rendered collection of comments/_comment.html.erb [2 times] (Duration: 0.5ms | Allocations: 159)
  Rendered comments/_form.html.erb (Duration: 2.4ms | Allocations: 1145)
  Rendered articles/show.html.erb within layouts/application (Duration: 5.7ms | Allocations: 2075)
  Rendered layout layouts/application.html.erb (Duration: 7.4ms | Allocations: 3267)
Completed 200 OK in 9ms (Views: 7.9ms | ActiveRecord: 0.2ms | Allocations: 3870)


Started GET "/" for ::1 at 2024-05-07 12:39:27 +0300
Processing by ArticlesController#index as HTML
  Rendering layout layouts/application.html.erb
  Rendering articles/index.html.erb within layouts/application
  [1m[36mArticle Count (0.2ms)[0m  [1m[34mSELECT COUNT(*) FROM "articles" WHERE "articles"."status" = ?[0m  [["status", "public"]]
  ↳ app/models/concerns/visible.rb:12:in `public_count'
  [1m[36mArticle Load (0.2ms)[0m  [1m[34mSELECT "articles".* FROM "articles"[0m
  ↳ app/views/articles/index.html.erb:6
  Rendered articles/index.html.erb within layouts/application (Duration: 5.7ms | Allocations: 866)
  Rendered layout layouts/application.html.erb (Duration: 9.4ms | Allocations: 2322)
Completed 200 OK in 12ms (Views: 10.4ms | ActiveRecord: 0.3ms | Allocations: 2576)


Started GET "/articles/4" for ::1 at 2024-05-07 12:39:29 +0300
Processing by ArticlesController#show as HTML
  Parameters: {"id"=>"4"}
  [1m[36mArticle Load (0.1ms)[0m  [1m[34mSELECT "articles".* FROM "articles" WHERE "articles"."id" = ? LIMIT ?[0m  [["id", 4], ["LIMIT", 1]]
  ↳ app/controllers/articles_controller.rb:7:in `show'
  Rendering layout layouts/application.html.erb
  Rendering articles/show.html.erb within layouts/application
  [1m[36mComment Load (0.1ms)[0m  [1m[34mSELECT "comments".* FROM "comments" WHERE "comments"."article_id" = ?[0m  [["article_id", 4]]
  ↳ app/views/articles/show.html.erb:14
  Rendered collection of comments/_comment.html.erb [2 times] (Duration: 0.7ms | Allocations: 159)
  Rendered comments/_form.html.erb (Duration: 1.6ms | Allocations: 1151)
  Rendered articles/show.html.erb within layouts/application (Duration: 4.5ms | Allocations: 2081)
  Rendered layout layouts/application.html.erb (Duration: 7.0ms | Allocations: 3273)
Completed 200 OK in 10ms (Views: 7.8ms | ActiveRecord: 0.2ms | Allocations: 3873)


Started GET "/articles/4" for ::1 at 2024-05-07 12:39:31 +0300
Processing by ArticlesController#show as HTML
  Parameters: {"id"=>"4"}
  [1m[36mArticle Load (0.1ms)[0m  [1m[34mSELECT "articles".* FROM "articles" WHERE "articles"."id" = ? LIMIT ?[0m  [["id", 4], ["LIMIT", 1]]
  ↳ app/controllers/articles_controller.rb:7:in `show'
  Rendering layout layouts/application.html.erb
  Rendering articles/show.html.erb within layouts/application
  [1m[36mComment Load (0.1ms)[0m  [1m[34mSELECT "comments".* FROM "comments" WHERE "comments"."article_id" = ?[0m  [["article_id", 4]]
  ↳ app/views/articles/show.html.erb:14
  Rendered collection of comments/_comment.html.erb [2 times] (Duration: 0.3ms | Allocations: 159)
  Rendered comments/_form.html.erb (Duration: 1.5ms | Allocations: 1136)
  Rendered articles/show.html.erb within layouts/application (Duration: 3.6ms | Allocations: 2066)
  Rendered layout layouts/application.html.erb (Duration: 5.9ms | Allocations: 3258)
Completed 200 OK in 8ms (Views: 6.8ms | ActiveRecord: 0.2ms | Allocations: 3859)


Started GET "/articles/new" for ::1 at 2024-05-07 12:39:32 +0300
Processing by ArticlesController#new as HTML
  Rendering layout layouts/application.html.erb
  Rendering articles/new.html.erb within layouts/application
  Rendered articles/_form.html.erb (Duration: 2.3ms | Allocations: 1050)
  Rendered articles/new.html.erb within layouts/application (Duration: 2.5ms | Allocations: 1113)
  Rendered layout layouts/application.html.erb (Duration: 4.1ms | Allocations: 2309)
Completed 200 OK in 5ms (Views: 4.5ms | ActiveRecord: 0.0ms | Allocations: 2572)


Started POST "/articles" for ::1 at 2024-05-07 12:39:39 +0300
Processing by ArticlesController#create as TURBO_STREAM
  Parameters: {"authenticity_token"=>"[FILTERED]", "article"=>{"status"=>"public", "title"=>"Article 2", "body"=>"hi there"}, "commit"=>"Create Article"}
  Rendering layout layouts/application.html.erb
  Rendering articles/new.html.erb within layouts/application
  Rendered articles/_form.html.erb (Duration: 1.8ms | Allocations: 1653)
  Rendered articles/new.html.erb within layouts/application (Duration: 2.0ms | Allocations: 1716)
  Rendered layout layouts/application.html.erb (Duration: 3.7ms | Allocations: 2908)
Completed 422 Unprocessable Entity in 6ms (Views: 4.1ms | ActiveRecord: 0.0ms | Allocations: 4079)


Started POST "/articles" for ::1 at 2024-05-07 12:39:43 +0300
Processing by ArticlesController#create as TURBO_STREAM
  Parameters: {"authenticity_token"=>"[FILTERED]", "article"=>{"status"=>"public", "title"=>"Article 2", "body"=>"hi there!!!"}, "commit"=>"Create Article"}
  [1m[36mTRANSACTION (0.1ms)[0m  [1m[36mbegin transaction[0m
  ↳ app/controllers/articles_controller.rb:17:in `create'
  [1m[36mArticle Create (0.8ms)[0m  [1m[32mINSERT INTO "articles" ("title", "body", "created_at", "updated_at", "status") VALUES (?, ?, ?, ?, ?) RETURNING "id"[0m  [["title", "Article 2"], ["body", "hi there!!!"], ["created_at", "2024-05-07 09:39:43.401221"], ["updated_at", "2024-05-07 09:39:43.401221"], ["status", "public"]]
  ↳ app/controllers/articles_controller.rb:17:in `create'
  [1m[36mTRANSACTION (0.5ms)[0m  [1m[36mcommit transaction[0m
  ↳ app/controllers/articles_controller.rb:17:in `create'
Redirected to http://localhost:3000/articles/5
Completed 302 Found in 5ms (ActiveRecord: 1.4ms | Allocations: 1997)


Started GET "/articles/5" for ::1 at 2024-05-07 12:39:43 +0300
Processing by ArticlesController#show as TURBO_STREAM
  Parameters: {"id"=>"5"}
  [1m[36mArticle Load (0.1ms)[0m  [1m[34mSELECT "articles".* FROM "articles" WHERE "articles"."id" = ? LIMIT ?[0m  [["id", 5], ["LIMIT", 1]]
  ↳ app/controllers/articles_controller.rb:7:in `show'
  Rendering layout layouts/application.html.erb
  Rendering articles/show.html.erb within layouts/application
  [1m[36mComment Load (0.1ms)[0m  [1m[34mSELECT "comments".* FROM "comments" WHERE "comments"."article_id" = ?[0m  [["article_id", 5]]
  ↳ app/views/articles/show.html.erb:14
  Rendered collection of templates [0 times] (Duration: 0.0ms | Allocations: 10)
  Rendered comments/_form.html.erb (Duration: 3.3ms | Allocations: 1151)
  Rendered articles/show.html.erb within layouts/application (Duration: 5.8ms | Allocations: 1854)
  Rendered layout layouts/application.html.erb (Duration: 8.1ms | Allocations: 3046)
Completed 200 OK in 10ms (Views: 8.6ms | ActiveRecord: 0.2ms | Allocations: 3649)


Started GET "/" for ::1 at 2024-05-07 12:39:47 +0300
Processing by ArticlesController#index as HTML
  Rendering layout layouts/application.html.erb
  Rendering articles/index.html.erb within layouts/application
  [1m[36mArticle Count (0.2ms)[0m  [1m[34mSELECT COUNT(*) FROM "articles" WHERE "articles"."status" = ?[0m  [["status", "public"]]
  ↳ app/models/concerns/visible.rb:12:in `public_count'
  [1m[36mArticle Load (0.2ms)[0m  [1m[34mSELECT "articles".* FROM "articles"[0m
  ↳ app/views/articles/index.html.erb:6
  Rendered articles/index.html.erb within layouts/application (Duration: 4.7ms | Allocations: 905)
  Rendered layout layouts/application.html.erb (Duration: 8.5ms | Allocations: 2385)
Completed 200 OK in 10ms (Views: 8.9ms | ActiveRecord: 0.3ms | Allocations: 2639)


Started GET "/articles/5" for ::1 at 2024-05-07 12:39:52 +0300
Processing by ArticlesController#show as HTML
  Parameters: {"id"=>"5"}
  [1m[36mArticle Load (0.1ms)[0m  [1m[34mSELECT "articles".* FROM "articles" WHERE "articles"."id" = ? LIMIT ?[0m  [["id", 5], ["LIMIT", 1]]
  ↳ app/controllers/articles_controller.rb:7:in `show'
  Rendering layout layouts/application.html.erb
  Rendering articles/show.html.erb within layouts/application
  [1m[36mComment Load (0.3ms)[0m  [1m[34mSELECT "comments".* FROM "comments" WHERE "comments"."article_id" = ?[0m  [["article_id", 5]]
  ↳ app/views/articles/show.html.erb:14
  Rendered collection of templates [0 times] (Duration: 0.0ms | Allocations: 10)
  Rendered comments/_form.html.erb (Duration: 1.8ms | Allocations: 1136)
  Rendered articles/show.html.erb within layouts/application (Duration: 4.5ms | Allocations: 1839)
  Rendered layout layouts/application.html.erb (Duration: 6.3ms | Allocations: 3031)
Completed 200 OK in 10ms (Views: 6.8ms | ActiveRecord: 0.2ms | Allocations: 3631)


Started GET "/articles/4" for ::1 at 2024-05-07 12:39:53 +0300
Processing by ArticlesController#show as HTML
  Parameters: {"id"=>"4"}
  [1m[36mArticle Load (0.1ms)[0m  [1m[34mSELECT "articles".* FROM "articles" WHERE "articles"."id" = ? LIMIT ?[0m  [["id", 4], ["LIMIT", 1]]
  ↳ app/controllers/articles_controller.rb:7:in `show'
  Rendering layout layouts/application.html.erb
  Rendering articles/show.html.erb within layouts/application
  [1m[36mComment Load (0.1ms)[0m  [1m[34mSELECT "comments".* FROM "comments" WHERE "comments"."article_id" = ?[0m  [["article_id", 4]]
  ↳ app/views/articles/show.html.erb:14
  Rendered collection of comments/_comment.html.erb [2 times] (Duration: 0.3ms | Allocations: 159)
  Rendered comments/_form.html.erb (Duration: 1.5ms | Allocations: 1148)
  Rendered articles/show.html.erb within layouts/application (Duration: 3.5ms | Allocations: 2078)
  Rendered layout layouts/application.html.erb (Duration: 5.8ms | Allocations: 3270)
Completed 200 OK in 8ms (Views: 6.2ms | ActiveRecord: 0.1ms | Allocations: 3870)


Started DELETE "/articles/4?_method=delete" for ::1 at 2024-05-07 12:39:57 +0300
Processing by ArticlesController#destroy as TURBO_STREAM
  Parameters: {"id"=>"4"}
  [1m[36mArticle Load (0.1ms)[0m  [1m[34mSELECT "articles".* FROM "articles" WHERE "articles"."id" = ? LIMIT ?[0m  [["id", 4], ["LIMIT", 1]]
  ↳ app/controllers/articles_controller.rb:39:in `destroy'
  [1m[36mTRANSACTION (0.1ms)[0m  [1m[36mbegin transaction[0m
  ↳ app/controllers/articles_controller.rb:40:in `destroy'
  [1m[36mComment Load (2.5ms)[0m  [1m[34mSELECT "comments".* FROM "comments" WHERE "comments"."article_id" = ?[0m  [["article_id", 4]]
  ↳ app/controllers/articles_controller.rb:40:in `destroy'
  [1m[36mComment Destroy (0.1ms)[0m  [1m[31mDELETE FROM "comments" WHERE "comments"."id" = ?[0m  [["id", 5]]
  ↳ app/controllers/articles_controller.rb:40:in `destroy'
  [1m[36mComment Destroy (0.1ms)[0m  [1m[31mDELETE FROM "comments" WHERE "comments"."id" = ?[0m  [["id", 6]]
  ↳ app/controllers/articles_controller.rb:40:in `destroy'
  [1m[36mArticle Destroy (0.1ms)[0m  [1m[31mDELETE FROM "articles" WHERE "articles"."id" = ?[0m  [["id", 4]]
  ↳ app/controllers/articles_controller.rb:40:in `destroy'
  [1m[36mTRANSACTION (0.3ms)[0m  [1m[36mcommit transaction[0m
  ↳ app/controllers/articles_controller.rb:40:in `destroy'
Redirected to http://localhost:3000/
Completed 303 See Other in 13ms (ActiveRecord: 3.3ms | Allocations: 3906)


Started GET "/" for ::1 at 2024-05-07 12:39:57 +0300
Processing by ArticlesController#index as TURBO_STREAM
  Rendering layout layouts/application.html.erb
  Rendering articles/index.html.erb within layouts/application
  [1m[36mArticle Count (0.1ms)[0m  [1m[34mSELECT COUNT(*) FROM "articles" WHERE "articles"."status" = ?[0m  [["status", "public"]]
  ↳ app/models/concerns/visible.rb:12:in `public_count'
  [1m[36mArticle Load (0.1ms)[0m  [1m[34mSELECT "articles".* FROM "articles"[0m
  ↳ app/views/articles/index.html.erb:6
  Rendered articles/index.html.erb within layouts/application (Duration: 1.9ms | Allocations: 866)
  Rendered layout layouts/application.html.erb (Duration: 4.2ms | Allocations: 2359)
Completed 200 OK in 5ms (Views: 4.5ms | ActiveRecord: 0.2ms | Allocations: 2618)


Started GET "/" for ::1 at 2024-05-07 12:40:01 +0300
Processing by ArticlesController#index as HTML
  Rendering layout layouts/application.html.erb
  Rendering articles/index.html.erb within layouts/application
  [1m[36mArticle Count (0.1ms)[0m  [1m[34mSELECT COUNT(*) FROM "articles" WHERE "articles"."status" = ?[0m  [["status", "public"]]
  ↳ app/models/concerns/visible.rb:12:in `public_count'
  [1m[36mArticle Load (0.1ms)[0m  [1m[34mSELECT "articles".* FROM "articles"[0m
  ↳ app/views/articles/index.html.erb:6
  Rendered articles/index.html.erb within layouts/application (Duration: 2.8ms | Allocations: 866)
  Rendered layout layouts/application.html.erb (Duration: 6.3ms | Allocations: 2346)
Completed 200 OK in 7ms (Views: 6.5ms | ActiveRecord: 0.2ms | Allocations: 2600)


